<?xml version="1.0" encoding="UTF-8"?>
<!-- Generated by org.testng.reporters.JUnitReportReporter -->
<testsuite hostname="DESKTOP-LV63CNC" name="Membership.Create_Membership" tests="1" failures="0" timestamp="11 Jul 2017 09:21:04 GMT" time="1.670" errors="0">
  <testcase name="AddMembership" time="1.670" classname="Membership.Create_Membership"/>
</testsuite> <!-- Membership.Create_Membership -->
