<?xml version="1.0" encoding="UTF-8"?>
<!-- Generated by org.testng.reporters.JUnitReportReporter -->
<testsuite hostname="DESKTOP-LV63CNC" name="Schedule.Add_event" tests="2" failures="0" timestamp="10 Jul 2017 15:58:55 GMT" time="4.119" errors="0">
  <testcase name="Mandate_Fields" time="1.169" classname="Schedule.Add_event"/>
  <testcase name="Schedules_View" time="2.950" classname="Schedule.Add_event"/>
</testsuite> <!-- Schedule.Add_event -->
