<?xml version="1.0" encoding="UTF-8"?>
<!-- Generated by org.testng.reporters.JUnitReportReporter -->
<testsuite hostname="DESKTOP-LV63CNC" name="Base.ExcelHandle" tests="1" failures="0" timestamp="11 Jul 2017 08:55:50 GMT" time="0.518" errors="0">
  <testcase name="WriteExceldata" time="0.518" classname="Base.ExcelHandle"/>
</testsuite> <!-- Base.ExcelHandle -->
