<?xml version="1.0" encoding="UTF-8"?>
<!-- Generated by org.testng.reporters.JUnitReportReporter -->
<testsuite hostname="DESKTOP-LV63CNC" name="Membership.Create_Membership" tests="1" failures="0" timestamp="22 Jun 2017 08:36:02 GMT" time="1.422" errors="0">
  <testcase name="AddMembership" time="1.422" classname="Membership.Create_Membership"/>
</testsuite> <!-- Membership.Create_Membership -->
