<?xml version="1.0" encoding="UTF-8"?>
<!-- Generated by org.testng.reporters.JUnitReportReporter -->
<testsuite hostname="DESKTOP-LV63CNC" name="Schedule.Add_event" tests="2" failures="0" timestamp="21 Jun 2017 15:26:04 GMT" time="5.086" errors="0">
  <testcase name="Mandate_Fields" time="1.294" classname="Schedule.Add_event"/>
  <testcase name="Schedules_View" time="3.792" classname="Schedule.Add_event"/>
</testsuite> <!-- Schedule.Add_event -->
